<?xml version="1.0" encoding="UTF-8"?>
<!-- Generated by org.testng.reporters.JUnitReportReporter -->
<testsuite hostname="NGUSHZ0027" failures="0" tests="2" name="runners.GooglePageRunner" time="14.729" errors="0" timestamp="2022-03-08T13:00:42 IST" skipped="0">
  <testcase classname="runners.GooglePageRunner" name="runScenario" time="7.494"/>
  <system-out/>
  <testcase classname="runners.GooglePageRunner" name="runScenario" time="7.235"/>
  <system-out/>
</testsuite> <!-- runners.GooglePageRunner -->
